<?xml version="1.0" encoding="UTF-8"?>
<!-- Generated by org.testng.reporters.JUnitReportReporter -->
<testsuite hostname="ABDELRAHMAN" failures="0" tests="1" name="comupnormaltests.BookingTest" time="21.917" errors="0" timestamp="2025-08-17T22:58:26 EEST" skipped="0">
  <testcase classname="comupnormaltests.BookingTest" name="bookingFlowTest" time="21.917"/>
</testsuite> <!-- comupnormaltests.BookingTest -->
